0 info it worked if it ends with ok
1 verbose cli [ 'node', '/usr/local/bin/npm', 'start' ]
2 info using npm@2.12.0
3 info using node@v0.10.32
4 verbose run-script [ 'prestart', 'start', 'poststart' ]
5 info prestart fabricator@1.2.1
6 verbose unsafe-perm in lifecycle true
7 info start fabricator@1.2.1
8 verbose unsafe-perm in lifecycle true
9 info fabricator@1.2.1 Failed to exec start script
10 verbose stack Error: fabricator@1.2.1 start: `gulp --dev`
10 verbose stack Exit status 8
10 verbose stack     at EventEmitter.<anonymous> (/usr/local/lib/node_modules/npm/lib/utils/lifecycle.js:213:16)
10 verbose stack     at EventEmitter.emit (events.js:98:17)
10 verbose stack     at ChildProcess.<anonymous> (/usr/local/lib/node_modules/npm/lib/utils/spawn.js:24:14)
10 verbose stack     at ChildProcess.emit (events.js:98:17)
10 verbose stack     at maybeClose (child_process.js:756:16)
10 verbose stack     at Process.ChildProcess._handle.onexit (child_process.js:823:5)
11 verbose pkgid fabricator@1.2.1
12 verbose cwd /Users/bucky/Sites/xg-fabricator
13 error Darwin 14.3.0
14 error argv "node" "/usr/local/bin/npm" "start"
15 error node v0.10.32
16 error npm  v2.12.0
17 error code ELIFECYCLE
18 error fabricator@1.2.1 start: `gulp --dev`
18 error Exit status 8
19 error Failed at the fabricator@1.2.1 start script 'gulp --dev'.
19 error This is most likely a problem with the fabricator package,
19 error not with npm itself.
19 error Tell the author that this fails on your system:
19 error     gulp --dev
19 error You can get their info via:
19 error     npm owner ls fabricator
19 error There is likely additional logging output above.
20 verbose exit [ 1, true ]
